<?xml version="1.0" encoding="UTF-8"?>
<!-- Generated by org.testng.reporters.JUnitXMLReporter -->
<testsuite ignored="1" hostname="azhar" failures="0" tests="1" name="Test" time="3.522" errors="0" timestamp="2024-11-08T10:18:28 IST">
  <testcase classname="testCasses.TC002_LoginTest" name="verify_login" time="1.199"/>
  <testcase classname="testCasses.TC001_AccountRegistrationTest" name="verify_account_registration" time="0.0">
    <ignored/>
  </testcase> <!-- verify_account_registration -->
</testsuite> <!-- Test -->
