<?xml version="1.0" encoding="UTF-8"?>
<testng-results ignored="0" total="3" passed="3" failed="0" skipped="0">
  <reporter-output>
  </reporter-output>
  <suite started-at="2024-11-12T12:21:18 IST" name="Suite" finished-at="2024-11-12T12:21:30 IST" duration-ms="12011">
    <groups>
    </groups>
    <test started-at="2024-11-12T12:21:18 IST" name="chromeTest" finished-at="2024-11-12T12:21:27 IST" duration-ms="8964">
      <class name="testCasses.TC001_AccountRegistrationTest">
        <test-method is-config="true" signature="setup(java.lang.String,java.lang.String)[pri:0, instance:testCasses.TC001_AccountRegistrationTest@1c9f0a20]" started-at="2024-11-12T12:21:18 IST" name="setup" finished-at="2024-11-12T12:21:21 IST" duration-ms="3372" status="PASS">
          <params>
            <param index="0">
              <value>
                <![CDATA[Windows]]>
              </value>
            </param>
            <param index="1">
              <value>
                <![CDATA[chrome]]>
              </value>
            </param>
          </params>
          <reporter-output>
          </reporter-output>
        </test-method> <!-- setup -->
        <test-method signature="verify_account_registration()[pri:0, instance:testCasses.TC001_AccountRegistrationTest@1c9f0a20]" started-at="2024-11-12T12:21:21 IST" name="verify_account_registration" finished-at="2024-11-12T12:21:24 IST" duration-ms="2709" status="PASS">
          <reporter-output>
          </reporter-output>
        </test-method> <!-- verify_account_registration -->
        <test-method is-config="true" signature="teardown()[pri:0, instance:testCasses.TC001_AccountRegistrationTest@1c9f0a20]" started-at="2024-11-12T12:21:24 IST" name="teardown" finished-at="2024-11-12T12:21:27 IST" duration-ms="2749" status="PASS">
          <reporter-output>
          </reporter-output>
        </test-method> <!-- teardown -->
      </class> <!-- testCasses.TC001_AccountRegistrationTest -->
    </test> <!-- chromeTest -->
    <test started-at="2024-11-12T12:21:18 IST" name="edgeTest" finished-at="2024-11-12T12:21:29 IST" duration-ms="11186">
      <class name="testCasses.TC001_AccountRegistrationTest">
        <test-method is-config="true" signature="setup(java.lang.String,java.lang.String)[pri:0, instance:testCasses.TC001_AccountRegistrationTest@7c351808]" started-at="2024-11-12T12:21:18 IST" name="setup" finished-at="2024-11-12T12:21:24 IST" duration-ms="6243" status="PASS">
          <params>
            <param index="0">
              <value>
                <![CDATA[Windows]]>
              </value>
            </param>
            <param index="1">
              <value>
                <![CDATA[edge]]>
              </value>
            </param>
          </params>
          <reporter-output>
          </reporter-output>
        </test-method> <!-- setup -->
        <test-method signature="verify_account_registration()[pri:0, instance:testCasses.TC001_AccountRegistrationTest@7c351808]" started-at="2024-11-12T12:21:24 IST" name="verify_account_registration" finished-at="2024-11-12T12:21:27 IST" duration-ms="3325" status="PASS">
          <reporter-output>
          </reporter-output>
        </test-method> <!-- verify_account_registration -->
        <test-method is-config="true" signature="teardown()[pri:0, instance:testCasses.TC001_AccountRegistrationTest@7c351808]" started-at="2024-11-12T12:21:27 IST" name="teardown" finished-at="2024-11-12T12:21:29 IST" duration-ms="1585" status="PASS">
          <reporter-output>
          </reporter-output>
        </test-method> <!-- teardown -->
      </class> <!-- testCasses.TC001_AccountRegistrationTest -->
    </test> <!-- edgeTest -->
    <test started-at="2024-11-12T12:21:18 IST" name="firefoxTest" finished-at="2024-11-12T12:21:30 IST" duration-ms="12011">
      <class name="testCasses.TC001_AccountRegistrationTest">
        <test-method is-config="true" signature="setup(java.lang.String,java.lang.String)[pri:0, instance:testCasses.TC001_AccountRegistrationTest@42b64ab8]" started-at="2024-11-12T12:21:18 IST" name="setup" finished-at="2024-11-12T12:21:26 IST" duration-ms="8345" status="PASS">
          <params>
            <param index="0">
              <value>
                <![CDATA[Windows]]>
              </value>
            </param>
            <param index="1">
              <value>
                <![CDATA[firefox]]>
              </value>
            </param>
          </params>
          <reporter-output>
          </reporter-output>
        </test-method> <!-- setup -->
        <test-method signature="verify_account_registration()[pri:0, instance:testCasses.TC001_AccountRegistrationTest@42b64ab8]" started-at="2024-11-12T12:21:26 IST" name="verify_account_registration" finished-at="2024-11-12T12:21:29 IST" duration-ms="2318" status="PASS">
          <reporter-output>
          </reporter-output>
        </test-method> <!-- verify_account_registration -->
        <test-method is-config="true" signature="teardown()[pri:0, instance:testCasses.TC001_AccountRegistrationTest@42b64ab8]" started-at="2024-11-12T12:21:29 IST" name="teardown" finished-at="2024-11-12T12:21:30 IST" duration-ms="1314" status="PASS">
          <reporter-output>
          </reporter-output>
        </test-method> <!-- teardown -->
      </class> <!-- testCasses.TC001_AccountRegistrationTest -->
    </test> <!-- firefoxTest -->
  </suite> <!-- Suite -->
</testng-results>
